# JRE version: Java(TM) SE Runtime Environment (8.0_144-b01) (build 1.8.0_144-b01)
# Java VM: Java HotSpot(TM) 64-Bit Server VM (25.144-b01 mixed mode linux-amd64 compressed oops)
Heap:
 PSYoungGen      total 136704K, used 13245K [0x00000000ec000000, 0x00000000f5600000, 0x0000000100000000)
  eden space 120832K, 0% used [0x00000000ec000000,0x00000000ec000000,0x00000000f3600000)
  from space 15872K, 83% used [0x00000000f3600000,0x00000000f42ef4d8,0x00000000f4580000)
  to   space 14848K, 0% used [0x00000000f4580000,0x00000000f4580000,0x00000000f5400000)
 ParOldGen       total 40960K, used 24616K [0x00000000c4000000, 0x00000000c6800000, 0x00000000ec000000)
  object space 40960K, 60% used [0x00000000c4000000,0x00000000c580a110,0x00000000c6800000)
 Metaspace       used 11969K, capacity 12420K, committed 12672K, reserved 1060864K
  class space    used 1432K, capacity 1641K, committed 1664K, reserved 1048576K
GC Heap History (10 events):
Event: 308,842 GC heap after
Heap after GC invocations=4 (full 0):
 PSYoungGen      total 33280K, used 2560K [0x00000000ec000000, 0x00000000ee300000, 0x0000000100000000)
  eden space 30720K, 0% used [0x00000000ec000000,0x00000000ec000000,0x00000000ede00000)
  from space 2560K, 100% used [0x00000000ee080000,0x00000000ee300000,0x00000000ee300000)
  to   space 2560K, 0% used [0x00000000ede00000,0x00000000ede00000,0x00000000ee080000)
 ParOldGen       total 40960K, used 6135K [0x00000000c4000000, 0x00000000c6800000, 0x00000000ec000000)
  object space 40960K, 14% used [0x00000000c4000000,0x00000000c45fdc98,0x00000000c6800000)
 Metaspace       used 5699K, capacity 5864K, committed 6144K, reserved 1056768K
  class space    used 657K, capacity 694K, committed 768K, reserved 1048576K
}
Event: 468,286 GC heap before
{Heap before GC invocations=5 (full 0):
 PSYoungGen      total 33280K, used 33280K [0x00000000ec000000, 0x00000000ee300000, 0x0000000100000000)
  eden space 30720K, 100% used [0x00000000ec000000,0x00000000ede00000,0x00000000ede00000)
  from space 2560K, 100% used [0x00000000ee080000,0x00000000ee300000,0x00000000ee300000)
  to   space 2560K, 0% used [0x00000000ede00000,0x00000000ede00000,0x00000000ee080000)
 ParOldGen       total 40960K, used 6135K [0x00000000c4000000, 0x00000000c6800000, 0x00000000ec000000)
  object space 40960K, 14% used [0x00000000c4000000,0x00000000c45fdc98,0x00000000c6800000)
 Metaspace       used 5798K, capacity 5928K, committed 6144K, reserved 1056768K
  class space    used 661K, capacity 694K, committed 768K, reserved 1048576K
Event: 468,303 GC heap after
Heap after GC invocations=5 (full 0):
 PSYoungGen      total 33280K, used 2560K [0x00000000ec000000, 0x00000000f0e00000, 0x0000000100000000)
  eden space 30720K, 0% used [0x00000000ec000000,0x00000000ec000000,0x00000000ede00000)
  from space 2560K, 100% used [0x00000000ede00000,0x00000000ee080000,0x00000000ee080000)
  to   space 9216K, 0% used [0x00000000f0500000,0x00000000f0500000,0x00000000f0e00000)
 ParOldGen       total 40960K, used 13765K [0x00000000c4000000, 0x00000000c6800000, 0x00000000ec000000)
  object space 40960K, 33% used [0x00000000c4000000,0x00000000c4d715d8,0x00000000c6800000)
 Metaspace       used 5798K, capacity 5928K, committed 6144K, reserved 1056768K
  class space    used 661K, capacity 694K, committed 768K, reserved 1048576K
}
Event: 472,700 GC heap before
{Heap before GC invocations=6 (full 0):
 PSYoungGen      total 33280K, used 33280K [0x00000000ec000000, 0x00000000f0e00000, 0x0000000100000000)
  eden space 30720K, 100% used [0x00000000ec000000,0x00000000ede00000,0x00000000ede00000)
  from space 2560K, 100% used [0x00000000ede00000,0x00000000ee080000,0x00000000ee080000)
  to   space 9216K, 0% used [0x00000000f0500000,0x00000000f0500000,0x00000000f0e00000)
 ParOldGen       total 40960K, used 13765K [0x00000000c4000000, 0x00000000c6800000, 0x00000000ec000000)
  object space 40960K, 33% used [0x00000000c4000000,0x00000000c4d715d8,0x00000000c6800000)
 Metaspace       used 5897K, capacity 6056K, committed 6144K, reserved 1056768K
  class space    used 668K, capacity 694K, committed 768K, reserved 1048576K
Event: 472,711 GC heap after
Heap after GC invocations=6 (full 0):
 PSYoungGen      total 70144K, used 7459K [0x00000000ec000000, 0x00000000f0f00000, 0x0000000100000000)
  eden space 60928K, 0% used [0x00000000ec000000,0x00000000ec000000,0x00000000efb80000)
  from space 9216K, 80% used [0x00000000f0500000,0x00000000f0c48d88,0x00000000f0e00000)
  to   space 9728K, 0% used [0x00000000efb80000,0x00000000efb80000,0x00000000f0500000)
 ParOldGen       total 40960K, used 13773K [0x00000000c4000000, 0x00000000c6800000, 0x00000000ec000000)
  object space 40960K, 33% used [0x00000000c4000000,0x00000000c4d735d8,0x00000000c6800000)
 Metaspace       used 5897K, capacity 6056K, committed 6144K, reserved 1056768K
  class space    used 668K, capacity 694K, committed 768K, reserved 1048576K
}
Event: 473,429 GC heap before
{Heap before GC invocations=7 (full 0):
 PSYoungGen      total 70144K, used 68387K [0x00000000ec000000, 0x00000000f0f00000, 0x0000000100000000)
  eden space 60928K, 100% used [0x00000000ec000000,0x00000000efb80000,0x00000000efb80000)
  from space 9216K, 80% used [0x00000000f0500000,0x00000000f0c48d88,0x00000000f0e00000)
  to   space 9728K, 0% used [0x00000000efb80000,0x00000000efb80000,0x00000000f0500000)
 ParOldGen       total 40960K, used 13773K [0x00000000c4000000, 0x00000000c6800000, 0x00000000ec000000)
  object space 40960K, 33% used [0x00000000c4000000,0x00000000c4d735d8,0x00000000c6800000)
 Metaspace       used 5904K, capacity 6056K, committed 6144K, reserved 1056768K
  class space    used 668K, capacity 694K, committed 768K, reserved 1048576K
Event: 473,480 GC heap after
Heap after GC invocations=7 (full 0):
 PSYoungGen      total 70656K, used 9701K [0x00000000ec000000, 0x00000000f5400000, 0x0000000100000000)
  eden space 60928K, 0% used [0x00000000ec000000,0x00000000ec000000,0x00000000efb80000)
  from space 9728K, 99% used [0x00000000efb80000,0x00000000f04f95f0,0x00000000f0500000)
  to   space 14848K, 0% used [0x00000000f4580000,0x00000000f4580000,0x00000000f5400000)
 ParOldGen       total 40960K, used 20772K [0x00000000c4000000, 0x00000000c6800000, 0x00000000ec000000)
  object space 40960K, 50% used [0x00000000c4000000,0x00000000c54493c8,0x00000000c6800000)
 Metaspace       used 5904K, capacity 6056K, committed 6144K, reserved 1056768K
  class space    used 668K, capacity 694K, committed 768K, reserved 1048576K
}
Event: 475,662 GC heap before
{Heap before GC invocations=8 (full 0):
 PSYoungGen      total 70656K, used 70629K [0x00000000ec000000, 0x00000000f5400000, 0x0000000100000000)
  eden space 60928K, 100% used [0x00000000ec000000,0x00000000efb80000,0x00000000efb80000)
  from space 9728K, 99% used [0x00000000efb80000,0x00000000f04f95f0,0x00000000f0500000)
  to   space 14848K, 0% used [0x00000000f4580000,0x00000000f4580000,0x00000000f5400000)
 ParOldGen       total 40960K, used 20772K [0x00000000c4000000, 0x00000000c6800000, 0x00000000ec000000)
  object space 40960K, 50% used [0x00000000c4000000,0x00000000c54493c8,0x00000000c6800000)
 Metaspace       used 5919K, capacity 6056K, committed 6144K, reserved 1056768K
  class space    used 668K, capacity 694K, committed 768K, reserved 1048576K
Event: 475,683 GC heap after
Heap after GC invocations=8 (full 0):
 PSYoungGen      total 135680K, used 11347K [0x00000000ec000000, 0x00000000f5600000, 0x0000000100000000)
  eden space 120832K, 0% used [0x00000000ec000000,0x00000000ec000000,0x00000000f3600000)
  from space 14848K, 76% used [0x00000000f4580000,0x00000000f5094da8,0x00000000f5400000)
  to   space 15872K, 0% used [0x00000000f3600000,0x00000000f3600000,0x00000000f4580000)
 ParOldGen       total 40960K, used 22244K [0x00000000c4000000, 0x00000000c6800000, 0x00000000ec000000)
  object space 40960K, 54% used [0x00000000c4000000,0x00000000c55b93c8,0x00000000c6800000)
 Metaspace       used 5919K, capacity 6056K, committed 6144K, reserved 1056768K
  class space    used 668K, capacity 694K, committed 768K, reserved 1048576K
}
Event: 502,317 GC heap before
{Heap before GC invocations=9 (full 0):
 PSYoungGen      total 135680K, used 132179K [0x00000000ec000000, 0x00000000f5600000, 0x0000000100000000)
  eden space 120832K, 100% used [0x00000000ec000000,0x00000000f3600000,0x00000000f3600000)
  from space 14848K, 76% used [0x00000000f4580000,0x00000000f5094da8,0x00000000f5400000)
  to   space 15872K, 0% used [0x00000000f3600000,0x00000000f3600000,0x00000000f4580000)
 ParOldGen       total 40960K, used 22244K [0x00000000c4000000, 0x00000000c6800000, 0x00000000ec000000)
  object space 40960K, 54% used [0x00000000c4000000,0x00000000c55b93c8,0x00000000c6800000)
 Metaspace       used 11969K, capacity 12420K, committed 12672K, reserved 1060864K
  class space    used 1432K, capacity 1641K, committed 1664K, reserved 1048576K

