# JRE version: Java(TM) SE Runtime Environment (8.0_144-b01) (build 1.8.0_144-b01)
# Java VM: Java HotSpot(TM) 64-Bit Server VM (25.144-b01 mixed mode linux-amd64 compressed oops)
Heap:
 PSYoungGen      total 105984K, used 6803K [0x00000000ec000000, 0x00000000f3980000, 0x0000000100000000)
  eden space 88064K, 0% used [0x00000000ec000000,0x00000000ec000000,0x00000000f1600000)
  from space 17920K, 37% used [0x00000000f1600000,0x00000000f1ca4c18,0x00000000f2780000)
  to   space 17408K, 0% used [0x00000000f2780000,0x00000000f2780000,0x00000000f3880000)
 ParOldGen       total 40960K, used 35947K [0x00000000c4000000, 0x00000000c6800000, 0x00000000ec000000)
  object space 40960K, 87% used [0x00000000c4000000,0x00000000c631ad30,0x00000000c6800000)
 Metaspace       used 11984K, capacity 12484K, committed 12672K, reserved 1060864K
  class space    used 1432K, capacity 1641K, committed 1664K, reserved 1048576K
GC Heap History (10 events):
Event: 385,627 GC heap after
Heap after GC invocations=6 (full 0):
 PSYoungGen      total 34304K, used 5609K [0x00000000ec000000, 0x00000000eed00000, 0x0000000100000000)
  eden space 28672K, 0% used [0x00000000ec000000,0x00000000ec000000,0x00000000edc00000)
  from space 5632K, 99% used [0x00000000ee380000,0x00000000ee8fa708,0x00000000ee900000)
  to   space 7680K, 0% used [0x00000000edc00000,0x00000000edc00000,0x00000000ee380000)
 ParOldGen       total 40960K, used 11147K [0x00000000c4000000, 0x00000000c6800000, 0x00000000ec000000)
  object space 40960K, 27% used [0x00000000c4000000,0x00000000c4ae2f90,0x00000000c6800000)
 Metaspace       used 5817K, capacity 5928K, committed 6144K, reserved 1056768K
  class space    used 661K, capacity 694K, committed 768K, reserved 1048576K
}
Event: 388,896 GC heap before
{Heap before GC invocations=7 (full 0):
 PSYoungGen      total 34304K, used 34281K [0x00000000ec000000, 0x00000000eed00000, 0x0000000100000000)
  eden space 28672K, 100% used [0x00000000ec000000,0x00000000edc00000,0x00000000edc00000)
  from space 5632K, 99% used [0x00000000ee380000,0x00000000ee8fa708,0x00000000ee900000)
  to   space 7680K, 0% used [0x00000000edc00000,0x00000000edc00000,0x00000000ee380000)
 ParOldGen       total 40960K, used 11147K [0x00000000c4000000, 0x00000000c6800000, 0x00000000ec000000)
  object space 40960K, 27% used [0x00000000c4000000,0x00000000c4ae2f90,0x00000000c6800000)
 Metaspace       used 5915K, capacity 6056K, committed 6144K, reserved 1056768K
  class space    used 669K, capacity 694K, committed 768K, reserved 1048576K
Event: 389,121 GC heap after
Heap after GC invocations=7 (full 0):
 PSYoungGen      total 36352K, used 7673K [0x00000000ec000000, 0x00000000f0c00000, 0x0000000100000000)
  eden space 28672K, 0% used [0x00000000ec000000,0x00000000ec000000,0x00000000edc00000)
  from space 7680K, 99% used [0x00000000edc00000,0x00000000ee37e6f8,0x00000000ee380000)
  to   space 10240K, 0% used [0x00000000f0200000,0x00000000f0200000,0x00000000f0c00000)
 ParOldGen       total 40960K, used 13532K [0x00000000c4000000, 0x00000000c6800000, 0x00000000ec000000)
  object space 40960K, 33% used [0x00000000c4000000,0x00000000c4d37340,0x00000000c6800000)
 Metaspace       used 5915K, capacity 6056K, committed 6144K, reserved 1056768K
  class space    used 669K, capacity 694K, committed 768K, reserved 1048576K
}
Event: 389,664 GC heap before
{Heap before GC invocations=8 (full 0):
 PSYoungGen      total 36352K, used 36345K [0x00000000ec000000, 0x00000000f0c00000, 0x0000000100000000)
  eden space 28672K, 100% used [0x00000000ec000000,0x00000000edc00000,0x00000000edc00000)
  from space 7680K, 99% used [0x00000000edc00000,0x00000000ee37e6f8,0x00000000ee380000)
  to   space 10240K, 0% used [0x00000000f0200000,0x00000000f0200000,0x00000000f0c00000)
 ParOldGen       total 40960K, used 13532K [0x00000000c4000000, 0x00000000c6800000, 0x00000000ec000000)
  object space 40960K, 33% used [0x00000000c4000000,0x00000000c4d37340,0x00000000c6800000)
 Metaspace       used 5915K, capacity 6056K, committed 6144K, reserved 1056768K
  class space    used 669K, capacity 694K, committed 768K, reserved 1048576K
Event: 389,680 GC heap after
Heap after GC invocations=8 (full 0):
 PSYoungGen      total 65536K, used 10233K [0x00000000ec000000, 0x00000000f1000000, 0x0000000100000000)
  eden space 55296K, 0% used [0x00000000ec000000,0x00000000ec000000,0x00000000ef600000)
  from space 10240K, 99% used [0x00000000f0200000,0x00000000f0bfe708,0x00000000f0c00000)
  to   space 12288K, 0% used [0x00000000ef600000,0x00000000ef600000,0x00000000f0200000)
 ParOldGen       total 40960K, used 14876K [0x00000000c4000000, 0x00000000c6800000, 0x00000000ec000000)
  object space 40960K, 36% used [0x00000000c4000000,0x00000000c4e87340,0x00000000c6800000)
 Metaspace       used 5915K, capacity 6056K, committed 6144K, reserved 1056768K
  class space    used 669K, capacity 694K, committed 768K, reserved 1048576K
}
Event: 390,101 GC heap before
{Heap before GC invocations=9 (full 0):
 PSYoungGen      total 65536K, used 65529K [0x00000000ec000000, 0x00000000f1000000, 0x0000000100000000)
  eden space 55296K, 100% used [0x00000000ec000000,0x00000000ef600000,0x00000000ef600000)
  from space 10240K, 99% used [0x00000000f0200000,0x00000000f0bfe708,0x00000000f0c00000)
  to   space 12288K, 0% used [0x00000000ef600000,0x00000000ef600000,0x00000000f0200000)
 ParOldGen       total 40960K, used 14876K [0x00000000c4000000, 0x00000000c6800000, 0x00000000ec000000)
  object space 40960K, 36% used [0x00000000c4000000,0x00000000c4e87340,0x00000000c6800000)
 Metaspace       used 5921K, capacity 6056K, committed 6144K, reserved 1056768K
  class space    used 669K, capacity 694K, committed 768K, reserved 1048576K
Event: 390,143 GC heap after
Heap after GC invocations=9 (full 0):
 PSYoungGen      total 67584K, used 12268K [0x00000000ec000000, 0x00000000f3880000, 0x0000000100000000)
  eden space 55296K, 0% used [0x00000000ec000000,0x00000000ec000000,0x00000000ef600000)
  from space 12288K, 99% used [0x00000000ef600000,0x00000000f01fb0f8,0x00000000f0200000)
  to   space 17408K, 0% used [0x00000000f2780000,0x00000000f2780000,0x00000000f3880000)
 ParOldGen       total 40960K, used 23575K [0x00000000c4000000, 0x00000000c6800000, 0x00000000ec000000)
  object space 40960K, 57% used [0x00000000c4000000,0x00000000c5705e98,0x00000000c6800000)
 Metaspace       used 5921K, capacity 6056K, committed 6144K, reserved 1056768K
  class space    used 669K, capacity 694K, committed 768K, reserved 1048576K
}
Event: 391,847 GC heap before
{Heap before GC invocations=10 (full 0):
 PSYoungGen      total 67584K, used 67564K [0x00000000ec000000, 0x00000000f3880000, 0x0000000100000000)
  eden space 55296K, 100% used [0x00000000ec000000,0x00000000ef600000,0x00000000ef600000)
  from space 12288K, 99% used [0x00000000ef600000,0x00000000f01fb0f8,0x00000000f0200000)
  to   space 17408K, 0% used [0x00000000f2780000,0x00000000f2780000,0x00000000f3880000)
 ParOldGen       total 40960K, used 23575K [0x00000000c4000000, 0x00000000c6800000, 0x00000000ec000000)
  object space 40960K, 57% used [0x00000000c4000000,0x00000000c5705e98,0x00000000c6800000)
 Metaspace       used 5929K, capacity 6056K, committed 6144K, reserved 1056768K
  class space    used 669K, capacity 694K, committed 768K, reserved 1048576K
Event: 391,884 GC heap after
Heap after GC invocations=10 (full 0):
 PSYoungGen      total 105472K, used 11930K [0x00000000ec000000, 0x00000000f3980000, 0x0000000100000000)
  eden space 88064K, 0% used [0x00000000ec000000,0x00000000ec000000,0x00000000f1600000)
  from space 17408K, 68% used [0x00000000f2780000,0x00000000f3326a88,0x00000000f3880000)
  to   space 17920K, 0% used [0x00000000f1600000,0x00000000f1600000,0x00000000f2780000)
 ParOldGen       total 40960K, used 30658K [0x00000000c4000000, 0x00000000c6800000, 0x00000000ec000000)
  object space 40960K, 74% used [0x00000000c4000000,0x00000000c5df0bf0,0x00000000c6800000)
 Metaspace       used 5929K, capacity 6056K, committed 6144K, reserved 1056768K
  class space    used 669K, capacity 694K, committed 768K, reserved 1048576K
}
Event: 455,088 GC heap before
{Heap before GC invocations=11 (full 0):
 PSYoungGen      total 105472K, used 99994K [0x00000000ec000000, 0x00000000f3980000, 0x0000000100000000)
  eden space 88064K, 100% used [0x00000000ec000000,0x00000000f1600000,0x00000000f1600000)
  from space 17408K, 68% used [0x00000000f2780000,0x00000000f3326a88,0x00000000f3880000)
  to   space 17920K, 0% used [0x00000000f1600000,0x00000000f1600000,0x00000000f2780000)
 ParOldGen       total 40960K, used 30658K [0x00000000c4000000, 0x00000000c6800000, 0x00000000ec000000)
  object space 40960K, 74% used [0x00000000c4000000,0x00000000c5df0bf0,0x00000000c6800000)
 Metaspace       used 11984K, capacity 12484K, committed 12672K, reserved 1060864K
  class space    used 1432K, capacity 1641K, committed 1664K, reserved 1048576K

